2023-02-03 00:12:31.353  INFO 11252 --- [Thread-7] o.apache.catalina.core.StandardService   : Stopping service [Tomcat]
2023-02-03 00:12:31.364  INFO 11252 --- [Thread-7] com.zaxxer.hikari.HikariDataSource       : HikariPool-2 - Shutdown initiated...
2023-02-03 00:12:31.372  INFO 11252 --- [Thread-7] com.zaxxer.hikari.HikariDataSource       : HikariPool-2 - Shutdown completed.
2023-02-03 00:12:31.441  INFO 11252 --- [restartedMain] c.c.o.MyNurseryAppApplication            : Starting MyNurseryAppApplication using Java 17.0.5 on INLEN8520069542 with PID 11252 (C:\MySpringBoot\OnlinePlantApp\bin\main started by THOSREE in C:\MySpringBoot\OnlinePlantApp)
2023-02-03 00:12:31.442  INFO 11252 --- [restartedMain] c.c.o.MyNurseryAppApplication            : No active profile set, falling back to 1 default profile: "default"
2023-02-03 00:12:31.656  INFO 11252 --- [restartedMain] o.apache.catalina.core.StandardService   : Starting service [Tomcat]
2023-02-03 00:12:31.657  INFO 11252 --- [restartedMain] org.apache.catalina.core.StandardEngine  : Starting Servlet engine: [Apache Tomcat/9.0.71]
2023-02-03 00:12:31.671  INFO 11252 --- [restartedMain] o.a.c.c.C.[Tomcat].[localhost].[/]       : Initializing Spring embedded WebApplicationContext
2023-02-03 00:12:31.693  INFO 11252 --- [restartedMain] o.hibernate.jpa.internal.util.LogHelper  : HHH000204: Processing PersistenceUnitInfo [name: default]
2023-02-03 00:12:31.697  INFO 11252 --- [restartedMain] com.zaxxer.hikari.HikariDataSource       : HikariPool-3 - Starting...
2023-02-03 00:12:31.821  INFO 11252 --- [restartedMain] com.zaxxer.hikari.HikariDataSource       : HikariPool-3 - Start completed.
2023-02-03 00:12:31.822  INFO 11252 --- [restartedMain] org.hibernate.dialect.Dialect            : HHH000400: Using dialect: org.hibernate.dialect.PostgreSQLDialect
2023-02-03 00:12:31.978  INFO 11252 --- [restartedMain] o.h.e.t.j.p.i.JtaPlatformInitiator       : HHH000490: Using JtaPlatform implementation: [org.hibernate.engine.transaction.jta.platform.internal.NoJtaPlatform]
2023-02-03 00:12:31.983  INFO 11252 --- [restartedMain] c.c.o.controller.CustomerController      : Customer Controller Called
2023-02-03 00:12:32.107  INFO 11252 --- [restartedMain] c.c.o.controller.ReviewController        : Review Controller called
2023-02-03 00:12:32.170  WARN 11252 --- [restartedMain] JpaBaseConfiguration$JpaWebConfiguration : spring.jpa.open-in-view is enabled by default. Therefore, database queries may be performed during view rendering. Explicitly configure spring.jpa.open-in-view to disable this warning
2023-02-03 00:12:32.260  INFO 11252 --- [restartedMain] c.c.o.MyNurseryAppApplication            : Started MyNurseryAppApplication in 0.841 seconds (JVM running for 920.153)
2023-02-03 00:13:18.804  INFO 11252 --- [Thread-11] o.apache.catalina.core.StandardService   : Stopping service [Tomcat]
2023-02-03 00:13:18.807  INFO 11252 --- [Thread-11] com.zaxxer.hikari.HikariDataSource       : HikariPool-3 - Shutdown initiated...
2023-02-03 00:13:18.811  INFO 11252 --- [Thread-11] com.zaxxer.hikari.HikariDataSource       : HikariPool-3 - Shutdown completed.
2023-02-03 00:13:18.871  INFO 11252 --- [restartedMain] c.c.o.MyNurseryAppApplication            : Starting MyNurseryAppApplication using Java 17.0.5 on INLEN8520069542 with PID 11252 (C:\MySpringBoot\OnlinePlantApp\bin\main started by THOSREE in C:\MySpringBoot\OnlinePlantApp)
2023-02-03 00:13:18.871  INFO 11252 --- [restartedMain] c.c.o.MyNurseryAppApplication            : No active profile set, falling back to 1 default profile: "default"
2023-02-03 00:13:19.088  INFO 11252 --- [restartedMain] o.apache.catalina.core.StandardService   : Starting service [Tomcat]
2023-02-03 00:13:19.089  INFO 11252 --- [restartedMain] org.apache.catalina.core.StandardEngine  : Starting Servlet engine: [Apache Tomcat/9.0.71]
2023-02-03 00:13:19.104  INFO 11252 --- [restartedMain] o.a.c.c.C.[Tomcat].[localhost].[/]       : Initializing Spring embedded WebApplicationContext
2023-02-03 00:13:19.127  INFO 11252 --- [restartedMain] o.hibernate.jpa.internal.util.LogHelper  : HHH000204: Processing PersistenceUnitInfo [name: default]
2023-02-03 00:13:19.131  INFO 11252 --- [restartedMain] com.zaxxer.hikari.HikariDataSource       : HikariPool-4 - Starting...
2023-02-03 00:13:19.253  INFO 11252 --- [restartedMain] com.zaxxer.hikari.HikariDataSource       : HikariPool-4 - Start completed.
2023-02-03 00:13:19.253  INFO 11252 --- [restartedMain] org.hibernate.dialect.Dialect            : HHH000400: Using dialect: org.hibernate.dialect.PostgreSQLDialect
2023-02-03 00:13:19.376  INFO 11252 --- [restartedMain] o.h.e.t.j.p.i.JtaPlatformInitiator       : HHH000490: Using JtaPlatform implementation: [org.hibernate.engine.transaction.jta.platform.internal.NoJtaPlatform]
2023-02-03 00:13:19.381  INFO 11252 --- [restartedMain] c.c.o.controller.CustomerController      : Customer Controller Called
2023-02-03 00:13:19.486  INFO 11252 --- [restartedMain] c.c.o.controller.ReviewController        : Review Controller called
2023-02-03 00:13:19.565  WARN 11252 --- [restartedMain] JpaBaseConfiguration$JpaWebConfiguration : spring.jpa.open-in-view is enabled by default. Therefore, database queries may be performed during view rendering. Explicitly configure spring.jpa.open-in-view to disable this warning
2023-02-03 00:13:19.645  INFO 11252 --- [restartedMain] c.c.o.MyNurseryAppApplication            : Started MyNurseryAppApplication in 0.791 seconds (JVM running for 967.538)
2023-02-03 00:14:00.116  INFO 11252 --- [Thread-15] o.apache.catalina.core.StandardService   : Stopping service [Tomcat]
2023-02-03 00:14:00.122  INFO 11252 --- [Thread-15] com.zaxxer.hikari.HikariDataSource       : HikariPool-4 - Shutdown initiated...
2023-02-03 00:14:00.125  INFO 11252 --- [Thread-15] com.zaxxer.hikari.HikariDataSource       : HikariPool-4 - Shutdown completed.
2023-02-03 00:14:00.184  INFO 11252 --- [restartedMain] c.c.o.MyNurseryAppApplication            : Starting MyNurseryAppApplication using Java 17.0.5 on INLEN8520069542 with PID 11252 (C:\MySpringBoot\OnlinePlantApp\bin\main started by THOSREE in C:\MySpringBoot\OnlinePlantApp)
2023-02-03 00:14:00.185  INFO 11252 --- [restartedMain] c.c.o.MyNurseryAppApplication            : No active profile set, falling back to 1 default profile: "default"
2023-02-03 00:14:00.394  INFO 11252 --- [restartedMain] o.apache.catalina.core.StandardService   : Starting service [Tomcat]
2023-02-03 00:14:00.394  INFO 11252 --- [restartedMain] org.apache.catalina.core.StandardEngine  : Starting Servlet engine: [Apache Tomcat/9.0.71]
2023-02-03 00:14:00.409  INFO 11252 --- [restartedMain] o.a.c.c.C.[Tomcat].[localhost].[/]       : Initializing Spring embedded WebApplicationContext
2023-02-03 00:14:00.431  INFO 11252 --- [restartedMain] o.hibernate.jpa.internal.util.LogHelper  : HHH000204: Processing PersistenceUnitInfo [name: default]
2023-02-03 00:14:00.434  INFO 11252 --- [restartedMain] com.zaxxer.hikari.HikariDataSource       : HikariPool-5 - Starting...
2023-02-03 00:14:00.677  INFO 11252 --- [restartedMain] com.zaxxer.hikari.HikariDataSource       : HikariPool-5 - Start completed.
2023-02-03 00:14:00.678  INFO 11252 --- [restartedMain] org.hibernate.dialect.Dialect            : HHH000400: Using dialect: org.hibernate.dialect.PostgreSQLDialect
2023-02-03 00:14:00.800  INFO 11252 --- [restartedMain] o.h.e.t.j.p.i.JtaPlatformInitiator       : HHH000490: Using JtaPlatform implementation: [org.hibernate.engine.transaction.jta.platform.internal.NoJtaPlatform]
2023-02-03 00:14:00.803  INFO 11252 --- [restartedMain] c.c.o.controller.CustomerController      : Customer Controller Called
2023-02-03 00:14:00.897  INFO 11252 --- [restartedMain] c.c.o.controller.ReviewController        : Review Controller called
2023-02-03 00:14:00.959  WARN 11252 --- [restartedMain] JpaBaseConfiguration$JpaWebConfiguration : spring.jpa.open-in-view is enabled by default. Therefore, database queries may be performed during view rendering. Explicitly configure spring.jpa.open-in-view to disable this warning
2023-02-03 00:14:01.031  INFO 11252 --- [restartedMain] c.c.o.MyNurseryAppApplication            : Started MyNurseryAppApplication in 0.863 seconds (JVM running for 1008.925)
2023-02-03 00:14:31.208  INFO 11252 --- [Thread-19] o.apache.catalina.core.StandardService   : Stopping service [Tomcat]
2023-02-03 00:14:31.211  INFO 11252 --- [Thread-19] com.zaxxer.hikari.HikariDataSource       : HikariPool-5 - Shutdown initiated...
2023-02-03 00:14:31.217  INFO 11252 --- [Thread-19] com.zaxxer.hikari.HikariDataSource       : HikariPool-5 - Shutdown completed.
2023-02-03 00:14:31.267  INFO 11252 --- [restartedMain] c.c.o.MyNurseryAppApplication            : Starting MyNurseryAppApplication using Java 17.0.5 on INLEN8520069542 with PID 11252 (C:\MySpringBoot\OnlinePlantApp\bin\main started by THOSREE in C:\MySpringBoot\OnlinePlantApp)
2023-02-03 00:14:31.267  INFO 11252 --- [restartedMain] c.c.o.MyNurseryAppApplication            : No active profile set, falling back to 1 default profile: "default"
2023-02-03 00:14:31.440  INFO 11252 --- [restartedMain] o.apache.catalina.core.StandardService   : Starting service [Tomcat]
2023-02-03 00:14:31.440  INFO 11252 --- [restartedMain] org.apache.catalina.core.StandardEngine  : Starting Servlet engine: [Apache Tomcat/9.0.71]
2023-02-03 00:14:31.453  INFO 11252 --- [restartedMain] o.a.c.c.C.[Tomcat].[localhost].[/]       : Initializing Spring embedded WebApplicationContext
2023-02-03 00:14:31.472  INFO 11252 --- [restartedMain] o.hibernate.jpa.internal.util.LogHelper  : HHH000204: Processing PersistenceUnitInfo [name: default]
2023-02-03 00:14:31.476  INFO 11252 --- [restartedMain] com.zaxxer.hikari.HikariDataSource       : HikariPool-6 - Starting...
2023-02-03 00:14:31.605  INFO 11252 --- [restartedMain] com.zaxxer.hikari.HikariDataSource       : HikariPool-6 - Start completed.
2023-02-03 00:14:31.605  INFO 11252 --- [restartedMain] org.hibernate.dialect.Dialect            : HHH000400: Using dialect: org.hibernate.dialect.PostgreSQLDialect
2023-02-03 00:14:31.735  INFO 11252 --- [restartedMain] o.h.e.t.j.p.i.JtaPlatformInitiator       : HHH000490: Using JtaPlatform implementation: [org.hibernate.engine.transaction.jta.platform.internal.NoJtaPlatform]
2023-02-03 00:14:31.738  INFO 11252 --- [restartedMain] c.c.o.controller.CustomerController      : Customer Controller Called
2023-02-03 00:14:31.824  INFO 11252 --- [restartedMain] c.c.o.controller.ReviewController        : Review Controller called
2023-02-03 00:14:31.872  WARN 11252 --- [restartedMain] JpaBaseConfiguration$JpaWebConfiguration : spring.jpa.open-in-view is enabled by default. Therefore, database queries may be performed during view rendering. Explicitly configure spring.jpa.open-in-view to disable this warning
2023-02-03 00:14:31.946  INFO 11252 --- [restartedMain] c.c.o.MyNurseryAppApplication            : Started MyNurseryAppApplication in 0.694 seconds (JVM running for 1039.839)
2023-02-03 00:15:42.130  INFO 11252 --- [Thread-23] o.apache.catalina.core.StandardService   : Stopping service [Tomcat]
2023-02-03 00:15:42.134  INFO 11252 --- [Thread-23] com.zaxxer.hikari.HikariDataSource       : HikariPool-6 - Shutdown initiated...
2023-02-03 00:15:42.136  INFO 11252 --- [Thread-23] com.zaxxer.hikari.HikariDataSource       : HikariPool-6 - Shutdown completed.
2023-02-03 00:15:42.190  INFO 11252 --- [restartedMain] c.c.o.MyNurseryAppApplication            : Starting MyNurseryAppApplication using Java 17.0.5 on INLEN8520069542 with PID 11252 (C:\MySpringBoot\OnlinePlantApp\bin\main started by THOSREE in C:\MySpringBoot\OnlinePlantApp)
2023-02-03 00:15:42.192  INFO 11252 --- [restartedMain] c.c.o.MyNurseryAppApplication            : No active profile set, falling back to 1 default profile: "default"
2023-02-03 00:15:42.374  INFO 11252 --- [restartedMain] o.apache.catalina.core.StandardService   : Starting service [Tomcat]
2023-02-03 00:15:42.374  INFO 11252 --- [restartedMain] org.apache.catalina.core.StandardEngine  : Starting Servlet engine: [Apache Tomcat/9.0.71]
2023-02-03 00:15:42.387  INFO 11252 --- [restartedMain] o.a.c.c.C.[Tomcat].[localhost].[/]       : Initializing Spring embedded WebApplicationContext
2023-02-03 00:15:42.408  INFO 11252 --- [restartedMain] o.hibernate.jpa.internal.util.LogHelper  : HHH000204: Processing PersistenceUnitInfo [name: default]
2023-02-03 00:15:42.411  INFO 11252 --- [restartedMain] com.zaxxer.hikari.HikariDataSource       : HikariPool-7 - Starting...
2023-02-03 00:15:42.662  INFO 11252 --- [restartedMain] com.zaxxer.hikari.HikariDataSource       : HikariPool-7 - Start completed.
2023-02-03 00:15:42.662  INFO 11252 --- [restartedMain] org.hibernate.dialect.Dialect            : HHH000400: Using dialect: org.hibernate.dialect.PostgreSQLDialect
2023-02-03 00:15:42.779  INFO 11252 --- [restartedMain] o.h.e.t.j.p.i.JtaPlatformInitiator       : HHH000490: Using JtaPlatform implementation: [org.hibernate.engine.transaction.jta.platform.internal.NoJtaPlatform]
2023-02-03 00:15:42.783  INFO 11252 --- [restartedMain] c.c.o.controller.CustomerController      : Customer Controller Called
2023-02-03 00:15:42.851  INFO 11252 --- [restartedMain] c.c.o.controller.ReviewController        : Review Controller called
2023-02-03 00:15:42.900  WARN 11252 --- [restartedMain] JpaBaseConfiguration$JpaWebConfiguration : spring.jpa.open-in-view is enabled by default. Therefore, database queries may be performed during view rendering. Explicitly configure spring.jpa.open-in-view to disable this warning
2023-02-03 00:15:42.954  INFO 11252 --- [restartedMain] c.c.o.MyNurseryAppApplication            : Started MyNurseryAppApplication in 0.782 seconds (JVM running for 1110.849)
2023-02-03 00:15:54.678  INFO 11252 --- [Thread-27] o.apache.catalina.core.StandardService   : Stopping service [Tomcat]
2023-02-03 00:15:54.681  INFO 11252 --- [Thread-27] com.zaxxer.hikari.HikariDataSource       : HikariPool-7 - Shutdown initiated...
2023-02-03 00:15:54.683  INFO 11252 --- [Thread-27] com.zaxxer.hikari.HikariDataSource       : HikariPool-7 - Shutdown completed.
2023-02-03 00:15:54.749  INFO 11252 --- [restartedMain] c.c.o.MyNurseryAppApplication            : Starting MyNurseryAppApplication using Java 17.0.5 on INLEN8520069542 with PID 11252 (C:\MySpringBoot\OnlinePlantApp\bin\main started by THOSREE in C:\MySpringBoot\OnlinePlantApp)
2023-02-03 00:15:54.750  INFO 11252 --- [restartedMain] c.c.o.MyNurseryAppApplication            : No active profile set, falling back to 1 default profile: "default"
2023-02-03 00:15:54.905  INFO 11252 --- [restartedMain] o.apache.catalina.core.StandardService   : Starting service [Tomcat]
2023-02-03 00:15:54.905  INFO 11252 --- [restartedMain] org.apache.catalina.core.StandardEngine  : Starting Servlet engine: [Apache Tomcat/9.0.71]
2023-02-03 00:15:54.918  INFO 11252 --- [restartedMain] o.a.c.c.C.[Tomcat].[localhost].[/]       : Initializing Spring embedded WebApplicationContext
2023-02-03 00:15:54.938  INFO 11252 --- [restartedMain] o.hibernate.jpa.internal.util.LogHelper  : HHH000204: Processing PersistenceUnitInfo [name: default]
2023-02-03 00:15:54.943  INFO 11252 --- [restartedMain] com.zaxxer.hikari.HikariDataSource       : HikariPool-8 - Starting...
2023-02-03 00:15:55.183  INFO 11252 --- [restartedMain] com.zaxxer.hikari.HikariDataSource       : HikariPool-8 - Start completed.
2023-02-03 00:15:55.183  INFO 11252 --- [restartedMain] org.hibernate.dialect.Dialect            : HHH000400: Using dialect: org.hibernate.dialect.PostgreSQLDialect
2023-02-03 00:15:55.308  INFO 11252 --- [restartedMain] o.h.e.t.j.p.i.JtaPlatformInitiator       : HHH000490: Using JtaPlatform implementation: [org.hibernate.engine.transaction.jta.platform.internal.NoJtaPlatform]
2023-02-03 00:15:55.312  INFO 11252 --- [restartedMain] c.c.o.controller.CustomerController      : Customer Controller Called
2023-02-03 00:15:55.385  INFO 11252 --- [restartedMain] c.c.o.controller.ReviewController        : Review Controller called
2023-02-03 00:15:55.425  WARN 11252 --- [restartedMain] JpaBaseConfiguration$JpaWebConfiguration : spring.jpa.open-in-view is enabled by default. Therefore, database queries may be performed during view rendering. Explicitly configure spring.jpa.open-in-view to disable this warning
2023-02-03 00:15:55.477  INFO 11252 --- [restartedMain] c.c.o.MyNurseryAppApplication            : Started MyNurseryAppApplication in 0.743 seconds (JVM running for 1123.371)
2023-02-03 00:16:04.103  INFO 11252 --- [Thread-31] o.apache.catalina.core.StandardService   : Stopping service [Tomcat]
2023-02-03 00:16:04.106  INFO 11252 --- [Thread-31] com.zaxxer.hikari.HikariDataSource       : HikariPool-8 - Shutdown initiated...
2023-02-03 00:16:04.108  INFO 11252 --- [Thread-31] com.zaxxer.hikari.HikariDataSource       : HikariPool-8 - Shutdown completed.
2023-02-03 00:16:04.168  INFO 11252 --- [restartedMain] c.c.o.MyNurseryAppApplication            : Starting MyNurseryAppApplication using Java 17.0.5 on INLEN8520069542 with PID 11252 (C:\MySpringBoot\OnlinePlantApp\bin\main started by THOSREE in C:\MySpringBoot\OnlinePlantApp)
2023-02-03 00:16:04.168  INFO 11252 --- [restartedMain] c.c.o.MyNurseryAppApplication            : No active profile set, falling back to 1 default profile: "default"
2023-02-03 00:16:04.323  INFO 11252 --- [restartedMain] o.apache.catalina.core.StandardService   : Starting service [Tomcat]
2023-02-03 00:16:04.323  INFO 11252 --- [restartedMain] org.apache.catalina.core.StandardEngine  : Starting Servlet engine: [Apache Tomcat/9.0.71]
2023-02-03 00:16:04.336  INFO 11252 --- [restartedMain] o.a.c.c.C.[Tomcat].[localhost].[/]       : Initializing Spring embedded WebApplicationContext
2023-02-03 00:16:04.354  INFO 11252 --- [restartedMain] o.hibernate.jpa.internal.util.LogHelper  : HHH000204: Processing PersistenceUnitInfo [name: default]
2023-02-03 00:16:04.358  INFO 11252 --- [restartedMain] com.zaxxer.hikari.HikariDataSource       : HikariPool-9 - Starting...
2023-02-03 00:16:04.485  INFO 11252 --- [restartedMain] com.zaxxer.hikari.HikariDataSource       : HikariPool-9 - Start completed.
2023-02-03 00:16:04.485  INFO 11252 --- [restartedMain] org.hibernate.dialect.Dialect            : HHH000400: Using dialect: org.hibernate.dialect.PostgreSQLDialect
2023-02-03 00:16:04.586  INFO 11252 --- [restartedMain] o.h.e.t.j.p.i.JtaPlatformInitiator       : HHH000490: Using JtaPlatform implementation: [org.hibernate.engine.transaction.jta.platform.internal.NoJtaPlatform]
2023-02-03 00:16:04.589  INFO 11252 --- [restartedMain] c.c.o.controller.CustomerController      : Customer Controller Called
2023-02-03 00:16:04.657  INFO 11252 --- [restartedMain] c.c.o.controller.ReviewController        : Review Controller called
2023-02-03 00:16:04.708  WARN 11252 --- [restartedMain] JpaBaseConfiguration$JpaWebConfiguration : spring.jpa.open-in-view is enabled by default. Therefore, database queries may be performed during view rendering. Explicitly configure spring.jpa.open-in-view to disable this warning
2023-02-03 00:16:04.760  INFO 11252 --- [restartedMain] c.c.o.MyNurseryAppApplication            : Started MyNurseryAppApplication in 0.61 seconds (JVM running for 1132.654)
2023-02-03 09:18:50.532  INFO 15484 --- [restartedMain] c.c.o.MyNurseryAppApplication            : Starting MyNurseryAppApplication using Java 17.0.5 on INLEN8520069542 with PID 15484 (C:\MySpringBoot\OnlinePlantApp\bin\main started by THOSREE in C:\MySpringBoot\OnlinePlantApp)
2023-02-03 09:18:50.533  INFO 15484 --- [restartedMain] c.c.o.MyNurseryAppApplication            : No active profile set, falling back to 1 default profile: "default"
2023-02-03 09:18:51.926  INFO 15484 --- [restartedMain] o.apache.catalina.core.StandardService   : Starting service [Tomcat]
2023-02-03 09:18:51.927  INFO 15484 --- [restartedMain] org.apache.catalina.core.StandardEngine  : Starting Servlet engine: [Apache Tomcat/9.0.71]
2023-02-03 09:18:52.008  INFO 15484 --- [restartedMain] o.a.c.c.C.[Tomcat].[localhost].[/]       : Initializing Spring embedded WebApplicationContext
2023-02-03 09:18:52.201  INFO 15484 --- [restartedMain] o.hibernate.jpa.internal.util.LogHelper  : HHH000204: Processing PersistenceUnitInfo [name: default]
2023-02-03 09:18:52.239  INFO 15484 --- [restartedMain] org.hibernate.Version                    : HHH000412: Hibernate ORM core version 5.6.14.Final
2023-02-03 09:18:52.378  INFO 15484 --- [restartedMain] o.hibernate.annotations.common.Version   : HCANN000001: Hibernate Commons Annotations {5.1.2.Final}
2023-02-03 09:18:52.458  INFO 15484 --- [restartedMain] com.zaxxer.hikari.HikariDataSource       : HikariPool-1 - Starting...
2023-02-03 09:18:52.863  INFO 15484 --- [restartedMain] com.zaxxer.hikari.HikariDataSource       : HikariPool-1 - Start completed.
2023-02-03 09:18:52.906  INFO 15484 --- [restartedMain] org.hibernate.dialect.Dialect            : HHH000400: Using dialect: org.hibernate.dialect.PostgreSQLDialect
2023-02-03 09:18:53.667  INFO 15484 --- [restartedMain] o.h.e.t.j.p.i.JtaPlatformInitiator       : HHH000490: Using JtaPlatform implementation: [org.hibernate.engine.transaction.jta.platform.internal.NoJtaPlatform]
2023-02-03 09:18:53.701  INFO 15484 --- [restartedMain] c.c.o.controller.CustomerController      : Customer Controller Called
2023-02-03 09:18:54.191  INFO 15484 --- [restartedMain] c.c.o.controller.ReviewController        : Review Controller called
2023-02-03 09:18:54.330  WARN 15484 --- [restartedMain] JpaBaseConfiguration$JpaWebConfiguration : spring.jpa.open-in-view is enabled by default. Therefore, database queries may be performed during view rendering. Explicitly configure spring.jpa.open-in-view to disable this warning
2023-02-03 09:18:54.739  INFO 15484 --- [restartedMain] c.c.o.MyNurseryAppApplication            : Started MyNurseryAppApplication in 4.599 seconds (JVM running for 5.115)
2023-02-03 09:21:03.385  INFO 15484 --- [http-nio-6001-exec-1] o.a.c.c.C.[Tomcat].[localhost].[/]       : Initializing Spring DispatcherServlet 'dispatcherServlet'
2023-02-03 09:21:03.426  WARN 15484 --- [http-nio-6001-exec-1] .w.s.m.s.DefaultHandlerExceptionResolver : Resolved [org.springframework.web.HttpRequestMethodNotSupportedException: Request method 'GET' not supported]
2023-02-03 09:23:02.305  WARN 15484 --- [http-nio-6001-exec-5] .w.s.m.s.DefaultHandlerExceptionResolver : Resolved [org.springframework.web.HttpRequestMethodNotSupportedException: Request method 'GET' not supported]
2023-02-03 09:23:08.821  INFO 15484 --- [http-nio-6001-exec-6] c.c.o.controller.ReviewController        :  --->> Student saved Review(reviewId=1, msg=good seeds, orderDate=null, customerName=Kailash, starRating=5, reviewDate=2023-02-03, orderId=0, plantId=3, planterId=1, seedId=5)
2023-02-03 10:16:00.804  INFO 19748 --- [restartedMain] c.c.o.MyNurseryAppApplication            : Starting MyNurseryAppApplication using Java 17.0.5 on INLEN8520069542 with PID 19748 (C:\MySpringBoot\OnlinePlantApp\bin\main started by THOSREE in C:\MySpringBoot\OnlinePlantApp)
2023-02-03 10:16:00.805  INFO 19748 --- [restartedMain] c.c.o.MyNurseryAppApplication            : No active profile set, falling back to 1 default profile: "default"
2023-02-03 10:16:02.395  INFO 19748 --- [restartedMain] o.apache.catalina.core.StandardService   : Starting service [Tomcat]
2023-02-03 10:16:02.395  INFO 19748 --- [restartedMain] org.apache.catalina.core.StandardEngine  : Starting Servlet engine: [Apache Tomcat/9.0.71]
2023-02-03 10:16:02.475  INFO 19748 --- [restartedMain] o.a.c.c.C.[Tomcat].[localhost].[/]       : Initializing Spring embedded WebApplicationContext
2023-02-03 10:16:02.707  INFO 19748 --- [restartedMain] o.hibernate.jpa.internal.util.LogHelper  : HHH000204: Processing PersistenceUnitInfo [name: default]
2023-02-03 10:16:02.754  INFO 19748 --- [restartedMain] org.hibernate.Version                    : HHH000412: Hibernate ORM core version 5.6.14.Final
2023-02-03 10:16:02.909  INFO 19748 --- [restartedMain] o.hibernate.annotations.common.Version   : HCANN000001: Hibernate Commons Annotations {5.1.2.Final}
2023-02-03 10:16:03.004  INFO 19748 --- [restartedMain] com.zaxxer.hikari.HikariDataSource       : HikariPool-1 - Starting...
2023-02-03 10:16:03.320  INFO 19748 --- [restartedMain] com.zaxxer.hikari.HikariDataSource       : HikariPool-1 - Start completed.
2023-02-03 10:16:03.338  INFO 19748 --- [restartedMain] org.hibernate.dialect.Dialect            : HHH000400: Using dialect: org.hibernate.dialect.PostgreSQLDialect
2023-02-03 10:16:04.161  INFO 19748 --- [restartedMain] o.h.e.t.j.p.i.JtaPlatformInitiator       : HHH000490: Using JtaPlatform implementation: [org.hibernate.engine.transaction.jta.platform.internal.NoJtaPlatform]
2023-02-03 10:16:04.178  INFO 19748 --- [restartedMain] c.c.o.controller.CustomerController      : Customer Controller Called
2023-02-03 10:16:04.712  INFO 19748 --- [restartedMain] c.c.o.controller.ReviewController        : Review Controller called
2023-02-03 10:16:04.862  WARN 19748 --- [restartedMain] JpaBaseConfiguration$JpaWebConfiguration : spring.jpa.open-in-view is enabled by default. Therefore, database queries may be performed during view rendering. Explicitly configure spring.jpa.open-in-view to disable this warning
2023-02-03 10:16:05.304  INFO 19748 --- [restartedMain] c.c.o.MyNurseryAppApplication            : Started MyNurseryAppApplication in 4.942 seconds (JVM running for 5.507)
2023-02-03 10:17:54.343  INFO 19748 --- [http-nio-6001-exec-2] o.a.c.c.C.[Tomcat].[localhost].[/]       : Initializing Spring DispatcherServlet 'dispatcherServlet'
2023-02-03 10:17:54.381  WARN 19748 --- [http-nio-6001-exec-2] .w.s.m.s.DefaultHandlerExceptionResolver : Resolved [org.springframework.web.HttpRequestMethodNotSupportedException: Request method 'GET' not supported]
2023-02-03 10:18:22.737  WARN 19748 --- [http-nio-6001-exec-3] .w.s.m.s.DefaultHandlerExceptionResolver : Resolved [org.springframework.http.converter.HttpMessageNotReadableException: JSON parse error: Unexpected character (' ' (code 160)): was expecting double-quote to start field name; nested exception is com.fasterxml.jackson.core.JsonParseException: Unexpected character (' ' (code 160)): was expecting double-quote to start field name<EOL> at [Source: (org.springframework.util.StreamUtils$NonClosingInputStream); line: 2, column: 7]]
2023-02-03 10:19:04.538  WARN 19748 --- [http-nio-6001-exec-5] .w.s.m.s.DefaultHandlerExceptionResolver : Resolved [org.springframework.http.converter.HttpMessageNotReadableException: JSON parse error: Unexpected character (' ' (code 160)): was expecting double-quote to start field name; nested exception is com.fasterxml.jackson.core.JsonParseException: Unexpected character (' ' (code 160)): was expecting double-quote to start field name<EOL> at [Source: (org.springframework.util.StreamUtils$NonClosingInputStream); line: 2, column: 29]]
2023-02-03 10:20:01.999  WARN 19748 --- [http-nio-6001-exec-7] .w.s.m.s.DefaultHandlerExceptionResolver : Resolved [org.springframework.http.converter.HttpMessageNotReadableException: JSON parse error: Unexpected character (' ' (code 160)): was expecting double-quote to start field name; nested exception is com.fasterxml.jackson.core.JsonParseException: Unexpected character (' ' (code 160)): was expecting double-quote to start field name<EOL> at [Source: (org.springframework.util.StreamUtils$NonClosingInputStream); line: 3, column: 4]]
2023-02-03 10:21:28.523  INFO 19748 --- [http-nio-6001-exec-9] c.c.o.controller.ReviewController        :  --->> Student saved Review(reviewId=1, msg=null, orderDate=null, customerName=null, starRating=0, reviewDate=2023-02-03, orderId=0, plantId=0, planterId=5, seedId=0)
2023-02-03 10:23:21.817  INFO 8184 --- [restartedMain] c.c.o.MyNurseryAppApplication            : Starting MyNurseryAppApplication using Java 17.0.5 on INLEN8520069542 with PID 8184 (C:\MySpringBoot\OnlinePlantApp\bin\main started by THOSREE in C:\MySpringBoot\OnlinePlantApp)
2023-02-03 10:23:21.818  INFO 8184 --- [restartedMain] c.c.o.MyNurseryAppApplication            : No active profile set, falling back to 1 default profile: "default"
2023-02-03 10:23:23.342  INFO 8184 --- [restartedMain] o.apache.catalina.core.StandardService   : Starting service [Tomcat]
2023-02-03 10:23:23.343  INFO 8184 --- [restartedMain] org.apache.catalina.core.StandardEngine  : Starting Servlet engine: [Apache Tomcat/9.0.71]
2023-02-03 10:23:23.426  INFO 8184 --- [restartedMain] o.a.c.c.C.[Tomcat].[localhost].[/]       : Initializing Spring embedded WebApplicationContext
2023-02-03 10:23:23.637  INFO 8184 --- [restartedMain] o.hibernate.jpa.internal.util.LogHelper  : HHH000204: Processing PersistenceUnitInfo [name: default]
2023-02-03 10:23:23.679  INFO 8184 --- [restartedMain] org.hibernate.Version                    : HHH000412: Hibernate ORM core version 5.6.14.Final
2023-02-03 10:23:23.819  INFO 8184 --- [restartedMain] o.hibernate.annotations.common.Version   : HCANN000001: Hibernate Commons Annotations {5.1.2.Final}
2023-02-03 10:23:23.918  INFO 8184 --- [restartedMain] com.zaxxer.hikari.HikariDataSource       : HikariPool-1 - Starting...
2023-02-03 10:23:24.301  INFO 8184 --- [restartedMain] com.zaxxer.hikari.HikariDataSource       : HikariPool-1 - Start completed.
2023-02-03 10:23:24.329  INFO 8184 --- [restartedMain] org.hibernate.dialect.Dialect            : HHH000400: Using dialect: org.hibernate.dialect.PostgreSQLDialect
2023-02-03 10:23:25.119  INFO 8184 --- [restartedMain] o.h.e.t.j.p.i.JtaPlatformInitiator       : HHH000490: Using JtaPlatform implementation: [org.hibernate.engine.transaction.jta.platform.internal.NoJtaPlatform]
2023-02-03 10:23:25.140  INFO 8184 --- [restartedMain] c.c.o.controller.CustomerController      : Customer Controller Called
2023-02-03 10:23:25.635  INFO 8184 --- [restartedMain] c.c.o.controller.ReviewController        : Review Controller called
2023-02-03 10:23:25.769  WARN 8184 --- [restartedMain] JpaBaseConfiguration$JpaWebConfiguration : spring.jpa.open-in-view is enabled by default. Therefore, database queries may be performed during view rendering. Explicitly configure spring.jpa.open-in-view to disable this warning
2023-02-03 10:23:26.196  INFO 8184 --- [restartedMain] c.c.o.MyNurseryAppApplication            : Started MyNurseryAppApplication in 4.786 seconds (JVM running for 5.312)
2023-02-03 10:23:31.233  INFO 8184 --- [http-nio-6001-exec-1] o.a.c.c.C.[Tomcat].[localhost].[/]       : Initializing Spring DispatcherServlet 'dispatcherServlet'
2023-02-03 10:23:31.464  INFO 8184 --- [http-nio-6001-exec-1] c.c.o.controller.ReviewController        :  --->> Student saved Review(reviewId=1, msg=can have better quality, orderDate=null, customerName=Kailash, starRating=4, reviewDate=2023-02-03, orderId=0, plantId=0, planterId=5, seedId=3)
2023-02-03 10:23:55.983  INFO 9408 --- [restartedMain] c.c.o.MyNurseryAppApplication            : Starting MyNurseryAppApplication using Java 17.0.5 on INLEN8520069542 with PID 9408 (C:\MySpringBoot\OnlinePlantApp\bin\main started by THOSREE in C:\MySpringBoot\OnlinePlantApp)
2023-02-03 10:23:55.984  INFO 9408 --- [restartedMain] c.c.o.MyNurseryAppApplication            : No active profile set, falling back to 1 default profile: "default"
2023-02-03 10:23:57.600  INFO 9408 --- [restartedMain] o.apache.catalina.core.StandardService   : Starting service [Tomcat]
2023-02-03 10:23:57.600  INFO 9408 --- [restartedMain] org.apache.catalina.core.StandardEngine  : Starting Servlet engine: [Apache Tomcat/9.0.71]
2023-02-03 10:23:57.692  INFO 9408 --- [restartedMain] o.a.c.c.C.[Tomcat].[localhost].[/]       : Initializing Spring embedded WebApplicationContext
2023-02-03 10:23:57.953  INFO 9408 --- [restartedMain] o.hibernate.jpa.internal.util.LogHelper  : HHH000204: Processing PersistenceUnitInfo [name: default]
2023-02-03 10:23:58.003  INFO 9408 --- [restartedMain] org.hibernate.Version                    : HHH000412: Hibernate ORM core version 5.6.14.Final
2023-02-03 10:23:58.214  INFO 9408 --- [restartedMain] o.hibernate.annotations.common.Version   : HCANN000001: Hibernate Commons Annotations {5.1.2.Final}
2023-02-03 10:23:58.344  INFO 9408 --- [restartedMain] com.zaxxer.hikari.HikariDataSource       : HikariPool-1 - Starting...
2023-02-03 10:23:58.726  INFO 9408 --- [restartedMain] com.zaxxer.hikari.HikariDataSource       : HikariPool-1 - Start completed.
2023-02-03 10:23:58.749  INFO 9408 --- [restartedMain] org.hibernate.dialect.Dialect            : HHH000400: Using dialect: org.hibernate.dialect.PostgreSQLDialect
2023-02-03 10:23:59.718  INFO 9408 --- [restartedMain] o.h.e.t.j.p.i.JtaPlatformInitiator       : HHH000490: Using JtaPlatform implementation: [org.hibernate.engine.transaction.jta.platform.internal.NoJtaPlatform]
2023-02-03 10:23:59.740  INFO 9408 --- [restartedMain] c.c.o.controller.CustomerController      : Customer Controller Called
2023-02-03 10:24:00.311  INFO 9408 --- [restartedMain] c.c.o.controller.ReviewController        : Review Controller called
2023-02-03 10:24:00.454  WARN 9408 --- [restartedMain] JpaBaseConfiguration$JpaWebConfiguration : spring.jpa.open-in-view is enabled by default. Therefore, database queries may be performed during view rendering. Explicitly configure spring.jpa.open-in-view to disable this warning
2023-02-03 10:24:00.887  INFO 9408 --- [restartedMain] c.c.o.MyNurseryAppApplication            : Started MyNurseryAppApplication in 5.308 seconds (JVM running for 5.821)
2023-02-03 10:24:04.571  INFO 9408 --- [http-nio-6001-exec-1] o.a.c.c.C.[Tomcat].[localhost].[/]       : Initializing Spring DispatcherServlet 'dispatcherServlet'
2023-02-03 10:24:04.871  INFO 9408 --- [http-nio-6001-exec-1] c.c.o.controller.ReviewController        :  --->> Student saved Review(reviewId=1, msg=can have better quality, orderDate=null, customerName=Kailash, starRating=4, reviewDate=2023-02-03, orderId=0, plantId=1, planterId=5, seedId=3)
2023-02-03 10:24:36.165  INFO 17132 --- [restartedMain] c.c.o.MyNurseryAppApplication            : Starting MyNurseryAppApplication using Java 17.0.5 on INLEN8520069542 with PID 17132 (C:\MySpringBoot\OnlinePlantApp\bin\main started by THOSREE in C:\MySpringBoot\OnlinePlantApp)
2023-02-03 10:24:36.167  INFO 17132 --- [restartedMain] c.c.o.MyNurseryAppApplication            : No active profile set, falling back to 1 default profile: "default"
2023-02-03 10:24:37.757  INFO 17132 --- [restartedMain] o.apache.catalina.core.StandardService   : Starting service [Tomcat]
2023-02-03 10:24:37.758  INFO 17132 --- [restartedMain] org.apache.catalina.core.StandardEngine  : Starting Servlet engine: [Apache Tomcat/9.0.71]
2023-02-03 10:24:37.856  INFO 17132 --- [restartedMain] o.a.c.c.C.[Tomcat].[localhost].[/]       : Initializing Spring embedded WebApplicationContext
2023-02-03 10:24:38.082  INFO 17132 --- [restartedMain] o.hibernate.jpa.internal.util.LogHelper  : HHH000204: Processing PersistenceUnitInfo [name: default]
2023-02-03 10:24:38.138  INFO 17132 --- [restartedMain] org.hibernate.Version                    : HHH000412: Hibernate ORM core version 5.6.14.Final
2023-02-03 10:24:38.303  INFO 17132 --- [restartedMain] o.hibernate.annotations.common.Version   : HCANN000001: Hibernate Commons Annotations {5.1.2.Final}
2023-02-03 10:24:38.402  INFO 17132 --- [restartedMain] com.zaxxer.hikari.HikariDataSource       : HikariPool-1 - Starting...
2023-02-03 10:24:38.736  INFO 17132 --- [restartedMain] com.zaxxer.hikari.HikariDataSource       : HikariPool-1 - Start completed.
2023-02-03 10:24:38.756  INFO 17132 --- [restartedMain] org.hibernate.dialect.Dialect            : HHH000400: Using dialect: org.hibernate.dialect.PostgreSQLDialect
2023-02-03 10:24:39.546  INFO 17132 --- [restartedMain] o.h.e.t.j.p.i.JtaPlatformInitiator       : HHH000490: Using JtaPlatform implementation: [org.hibernate.engine.transaction.jta.platform.internal.NoJtaPlatform]
2023-02-03 10:24:39.566  INFO 17132 --- [restartedMain] c.c.o.controller.CustomerController      : Customer Controller Called
2023-02-03 10:24:40.124  INFO 17132 --- [restartedMain] c.c.o.controller.ReviewController        : Review Controller called
2023-02-03 10:24:40.261  WARN 17132 --- [restartedMain] JpaBaseConfiguration$JpaWebConfiguration : spring.jpa.open-in-view is enabled by default. Therefore, database queries may be performed during view rendering. Explicitly configure spring.jpa.open-in-view to disable this warning
2023-02-03 10:24:40.681  INFO 17132 --- [restartedMain] c.c.o.MyNurseryAppApplication            : Started MyNurseryAppApplication in 4.997 seconds (JVM running for 5.532)
2023-02-03 10:24:47.334  INFO 17132 --- [http-nio-6001-exec-1] o.a.c.c.C.[Tomcat].[localhost].[/]       : Initializing Spring DispatcherServlet 'dispatcherServlet'
2023-02-03 10:24:47.546  INFO 17132 --- [http-nio-6001-exec-1] c.c.o.controller.ReviewController        :  --->> Student saved Review(reviewId=1, msg=can have better quality, orderDate=null, customerName=Kailash, starRating=4, reviewDate=2023-02-03, orderId=1, plantId=1, planterId=5, seedId=3)
2023-02-03 10:25:13.135  INFO 17132 --- [http-nio-6001-exec-3] c.c.o.controller.ReviewController        :  --->> Student saved Review(reviewId=2, msg=can have better plant quality, orderDate=null, customerName=Bhagya, starRating=3, reviewDate=2023-02-03, orderId=2, plantId=1, planterId=5, seedId=3)
2023-02-03 10:25:28.190  INFO 17132 --- [http-nio-6001-exec-4] c.c.o.controller.ReviewController        :  --->> Student saved Review(reviewId=3, msg=poor quality, orderDate=null, customerName=Bhagya, starRating=2, reviewDate=2023-02-03, orderId=3, plantId=1, planterId=5, seedId=3)
2023-02-03 10:25:39.169  INFO 10804 --- [restartedMain] c.c.o.MyNurseryAppApplication            : Starting MyNurseryAppApplication using Java 17.0.5 on INLEN8520069542 with PID 10804 (C:\MySpringBoot\OnlinePlantApp\bin\main started by THOSREE in C:\MySpringBoot\OnlinePlantApp)
2023-02-03 10:25:39.172  INFO 10804 --- [restartedMain] c.c.o.MyNurseryAppApplication            : No active profile set, falling back to 1 default profile: "default"
2023-02-03 10:25:40.775  INFO 10804 --- [restartedMain] o.apache.catalina.core.StandardService   : Starting service [Tomcat]
2023-02-03 10:25:40.776  INFO 10804 --- [restartedMain] org.apache.catalina.core.StandardEngine  : Starting Servlet engine: [Apache Tomcat/9.0.71]
2023-02-03 10:25:40.870  INFO 10804 --- [restartedMain] o.a.c.c.C.[Tomcat].[localhost].[/]       : Initializing Spring embedded WebApplicationContext
2023-02-03 10:25:41.102  INFO 10804 --- [restartedMain] o.hibernate.jpa.internal.util.LogHelper  : HHH000204: Processing PersistenceUnitInfo [name: default]
2023-02-03 10:25:41.148  INFO 10804 --- [restartedMain] org.hibernate.Version                    : HHH000412: Hibernate ORM core version 5.6.14.Final
2023-02-03 10:25:41.331  INFO 10804 --- [restartedMain] o.hibernate.annotations.common.Version   : HCANN000001: Hibernate Commons Annotations {5.1.2.Final}
2023-02-03 10:25:41.425  INFO 10804 --- [restartedMain] com.zaxxer.hikari.HikariDataSource       : HikariPool-1 - Starting...
2023-02-03 10:25:41.759  INFO 10804 --- [restartedMain] com.zaxxer.hikari.HikariDataSource       : HikariPool-1 - Start completed.
2023-02-03 10:25:41.778  INFO 10804 --- [restartedMain] org.hibernate.dialect.Dialect            : HHH000400: Using dialect: org.hibernate.dialect.PostgreSQLDialect
2023-02-03 10:25:42.589  INFO 10804 --- [restartedMain] o.h.e.t.j.p.i.JtaPlatformInitiator       : HHH000490: Using JtaPlatform implementation: [org.hibernate.engine.transaction.jta.platform.internal.NoJtaPlatform]
2023-02-03 10:25:42.613  INFO 10804 --- [restartedMain] c.c.o.controller.CustomerController      : Customer Controller Called
2023-02-03 10:25:43.112  INFO 10804 --- [restartedMain] c.c.o.controller.ReviewController        : Review Controller called
2023-02-03 10:25:43.255  WARN 10804 --- [restartedMain] JpaBaseConfiguration$JpaWebConfiguration : spring.jpa.open-in-view is enabled by default. Therefore, database queries may be performed during view rendering. Explicitly configure spring.jpa.open-in-view to disable this warning
2023-02-03 10:25:43.686  INFO 10804 --- [restartedMain] c.c.o.MyNurseryAppApplication            : Started MyNurseryAppApplication in 4.901 seconds (JVM running for 5.473)
2023-02-03 10:26:07.243  INFO 10804 --- [http-nio-6001-exec-1] o.a.c.c.C.[Tomcat].[localhost].[/]       : Initializing Spring DispatcherServlet 'dispatcherServlet'
2023-02-03 10:26:07.675  INFO 10804 --- [http-nio-6001-exec-1] c.c.o.controller.ReviewController        :  --->> Student saved Review(reviewId=1, msg=poor quality, orderDate=null, customerName=Bhagya, starRating=2, reviewDate=2023-02-03, orderId=1, plantId=1, planterId=5, seedId=3)
2023-02-03 10:26:20.829  INFO 10804 --- [http-nio-6001-exec-3] c.c.o.controller.ReviewController        :  --->> Student saved Review(reviewId=2, msg=poor quality, orderDate=null, customerName=Kailash, starRating=2, reviewDate=2023-02-03, orderId=2, plantId=1, planterId=5, seedId=3)
2023-02-03 10:26:46.052  INFO 10804 --- [http-nio-6001-exec-4] c.c.o.controller.ReviewController        :  --->> Student saved Review(reviewId=3, msg= quality can be improved, orderDate=null, customerName=Sai, starRating=4, reviewDate=2023-02-03, orderId=3, plantId=1, planterId=5, seedId=3)
2023-02-03 10:26:58.794  INFO 10804 --- [http-nio-6001-exec-5] c.c.o.controller.ReviewController        :  --->> Student saved Review(reviewId=4, msg= nice quality, orderDate=null, customerName=Sai, starRating=5, reviewDate=2023-02-03, orderId=4, plantId=1, planterId=5, seedId=3)
2023-02-03 10:27:27.239  INFO 10804 --- [http-nio-6001-exec-6] c.c.o.controller.ReviewController        :  --->> Student saved Review(reviewId=5, msg= worst quality, orderDate=null, customerName=Gayatri, starRating=1, reviewDate=2023-02-03, orderId=6, plantId=1, planterId=5, seedId=3)
2023-02-03 10:39:49.641  WARN 10804 --- [http-nio-6001-exec-1] .w.s.m.s.DefaultHandlerExceptionResolver : Resolved [org.springframework.http.converter.HttpMessageNotReadableException: JSON parse error: Unexpected character ('"' (code 34)): was expecting comma to separate Object entries; nested exception is com.fasterxml.jackson.core.JsonParseException: Unexpected character ('"' (code 34)): was expecting comma to separate Object entries<EOL> at [Source: (org.springframework.util.StreamUtils$NonClosingInputStream); line: 6, column: 6]]
2023-02-03 10:46:11.750  WARN 10804 --- [http-nio-6001-exec-5] .w.s.m.s.DefaultHandlerExceptionResolver : Resolved [org.springframework.http.converter.HttpMessageNotReadableException: JSON parse error: Unexpected character ('“' (code 8220 / 0x201c)): was expecting double-quote to start field name; nested exception is com.fasterxml.jackson.core.JsonParseException: Unexpected character ('“' (code 8220 / 0x201c)): was expecting double-quote to start field name<EOL> at [Source: (org.springframework.util.StreamUtils$NonClosingInputStream); line: 2, column: 5]]
2023-02-03 10:46:29.147  INFO 10804 --- [Thread-5] o.apache.catalina.core.StandardService   : Stopping service [Tomcat]
2023-02-03 10:46:29.148  INFO 10804 --- [Thread-5] o.a.c.c.C.[Tomcat].[localhost].[/]       : Destroying Spring FrameworkServlet 'dispatcherServlet'
2023-02-03 10:46:29.162  INFO 10804 --- [Thread-5] com.zaxxer.hikari.HikariDataSource       : HikariPool-1 - Shutdown initiated...
2023-02-03 10:46:29.166  INFO 10804 --- [Thread-5] com.zaxxer.hikari.HikariDataSource       : HikariPool-1 - Shutdown completed.
2023-02-03 10:46:29.248  INFO 10804 --- [restartedMain] c.c.o.MyNurseryAppApplication            : Starting MyNurseryAppApplication using Java 17.0.5 on INLEN8520069542 with PID 10804 (C:\MySpringBoot\OnlinePlantApp\bin\main started by THOSREE in C:\MySpringBoot\OnlinePlantApp)
2023-02-03 10:46:29.249  INFO 10804 --- [restartedMain] c.c.o.MyNurseryAppApplication            : No active profile set, falling back to 1 default profile: "default"
2023-02-03 10:46:29.833  INFO 10804 --- [restartedMain] o.apache.catalina.core.StandardService   : Starting service [Tomcat]
2023-02-03 10:46:29.834  INFO 10804 --- [restartedMain] org.apache.catalina.core.StandardEngine  : Starting Servlet engine: [Apache Tomcat/9.0.71]
2023-02-03 10:46:29.858  INFO 10804 --- [restartedMain] o.a.c.c.C.[Tomcat].[localhost].[/]       : Initializing Spring embedded WebApplicationContext
2023-02-03 10:46:29.909  INFO 10804 --- [restartedMain] o.hibernate.jpa.internal.util.LogHelper  : HHH000204: Processing PersistenceUnitInfo [name: default]
2023-02-03 10:46:29.915  INFO 10804 --- [restartedMain] com.zaxxer.hikari.HikariDataSource       : HikariPool-2 - Starting...
2023-02-03 10:46:30.106  INFO 10804 --- [restartedMain] com.zaxxer.hikari.HikariDataSource       : HikariPool-2 - Start completed.
2023-02-03 10:46:30.107  INFO 10804 --- [restartedMain] org.hibernate.dialect.Dialect            : HHH000400: Using dialect: org.hibernate.dialect.PostgreSQLDialect
2023-02-03 10:46:30.248  INFO 10804 --- [restartedMain] o.h.e.t.j.p.i.JtaPlatformInitiator       : HHH000490: Using JtaPlatform implementation: [org.hibernate.engine.transaction.jta.platform.internal.NoJtaPlatform]
2023-02-03 10:46:30.256  INFO 10804 --- [restartedMain] c.c.o.controller.CustomerController      : Customer Controller Called
2023-02-03 10:46:30.436  INFO 10804 --- [restartedMain] c.c.o.controller.ReviewController        : Review Controller called
2023-02-03 10:46:30.524  WARN 10804 --- [restartedMain] JpaBaseConfiguration$JpaWebConfiguration : spring.jpa.open-in-view is enabled by default. Therefore, database queries may be performed during view rendering. Explicitly configure spring.jpa.open-in-view to disable this warning
2023-02-03 10:46:30.632  INFO 10804 --- [restartedMain] c.c.o.MyNurseryAppApplication            : Started MyNurseryAppApplication in 1.415 seconds (JVM running for 1252.42)
2023-02-03 10:55:09.184  WARN 10804 --- [HikariPool-2 housekeeper] com.zaxxer.hikari.pool.HikariPool        : HikariPool-2 - Thread starvation or clock leap detected (housekeeper delta=7m8s936ms843µs400ns).
